<?xml version="1.0" encoding="UTF-8" ?>
<testsuite errors="0" failures="0" hostname="Aperture" name="test.PostalRateCalculatorTest" skipped="0" tests="40" time="0.146" timestamp="2016-02-18T22:09:03">
  <properties>
[...]
</properties>
  <testcase classname="test.PostalRateCalculatorTest" name="Test3ia1" time="0.002" />
  <testcase classname="test.PostalRateCalculatorTest" name="Test3ia2" time="0.0" />
  <testcase classname="test.PostalRateCalculatorTest" name="Test3ia3" time="0.0" />
  <testcase classname="test.PostalRateCalculatorTest" name="Test3ib1" time="0.0" />
  <testcase classname="test.PostalRateCalculatorTest" name="Test3ib2" time="0.0" />
  <testcase classname="test.PostalRateCalculatorTest" name="Test3ib3" time="0.0" />
  <testcase classname="test.PostalRateCalculatorTest" name="Test4ia1" time="0.0" />
  <testcase classname="test.PostalRateCalculatorTest" name="Test4ia2" time="0.0" />
  <testcase classname="test.PostalRateCalculatorTest" name="Test4ib1" time="0.0" />
  <testcase classname="test.PostalRateCalculatorTest" name="Test4ib2" time="0.0" />
  <testcase classname="test.PostalRateCalculatorTest" name="Test5ia1" time="0.0" />
  <testcase classname="test.PostalRateCalculatorTest" name="Test5ia2" time="0.0" />
  <testcase classname="test.PostalRateCalculatorTest" name="Test5ib1" time="0.0" />
  <testcase classname="test.PostalRateCalculatorTest" name="Test5ib2" time="0.0" />
  <testcase classname="test.PostalRateCalculatorTest" name="Test1" time="0.0" />
  <testcase classname="test.PostalRateCalculatorTest" name="Test2" time="0.0" />
  <testcase classname="test.PostalRateCalculatorTest" name="Test6" time="0.0" />
  <testcase classname="test.PostalRateCalculatorTest" name="Test7" time="0.0" />
  <testcase classname="test.PostalRateCalculatorTest" name="Test3iia1" time="0.001" />
  <testcase classname="test.PostalRateCalculatorTest" name="Test3iia2" time="0.0" />
  <testcase classname="test.PostalRateCalculatorTest" name="Test3iib1" time="0.0" />
  <testcase classname="test.PostalRateCalculatorTest" name="Test3iib2" time="0.0" />
  <testcase classname="test.PostalRateCalculatorTest" name="Test3iic1" time="0.0" />
  <testcase classname="test.PostalRateCalculatorTest" name="Test3iic2" time="0.0" />
  <testcase classname="test.PostalRateCalculatorTest" name="Test3iid1" time="0.0" />
  <testcase classname="test.PostalRateCalculatorTest" name="Test3iid2" time="0.001" />
  <testcase classname="test.PostalRateCalculatorTest" name="Test3iie1" time="0.0" />
  <testcase classname="test.PostalRateCalculatorTest" name="Test3iie2" time="0.0" />
  <testcase classname="test.PostalRateCalculatorTest" name="Test4iia1" time="0.0" />
  <testcase classname="test.PostalRateCalculatorTest" name="Test4iia2" time="0.0" />
  <testcase classname="test.PostalRateCalculatorTest" name="Test4iib1" time="0.0" />
  <testcase classname="test.PostalRateCalculatorTest" name="Test4iib2" time="0.0" />
  <testcase classname="test.PostalRateCalculatorTest" name="Test4iic1" time="0.0" />
  <testcase classname="test.PostalRateCalculatorTest" name="Test4iic2" time="0.001" />
  <testcase classname="test.PostalRateCalculatorTest" name="Test5iia1" time="0.0" />
  <testcase classname="test.PostalRateCalculatorTest" name="Test5iia2" time="0.0" />
  <testcase classname="test.PostalRateCalculatorTest" name="Test5iib1" time="0.001" />
  <testcase classname="test.PostalRateCalculatorTest" name="Test5iib2" time="0.0" />
  <testcase classname="test.PostalRateCalculatorTest" name="Test5iic1" time="0.0" />
  <testcase classname="test.PostalRateCalculatorTest" name="Test5iic2" time="0.0" />
  <system-out><![CDATA[]]></system-out>
  <system-err><![CDATA[]]></system-err>
</testsuite>
